<?xml version="1.0" encoding="UTF-8"?>
<!-- Generated by org.testng.reporters.JUnitXMLReporter -->
<testsuite ignored="0" hostname="Azees" failures="0" tests="1" name="Test" time="112.988" errors="0" timestamp="2024-10-24T18:30:56 IST">
  <testcase classname="Setups.ePACSlogin" name="@AfterMethod logout" time="30.177">
    <failure type="java.lang.RuntimeException" message="can not find the singOutButton">
      <![CDATA[java.lang.RuntimeException: can not find the singOutButton
at Setups.ePACSlogin.logout(ePACSlogin.java:119)
at java.base/java.util.ArrayList.forEach(ArrayList.java:1596)
... Removed 30 stack frames]]>
    </failure>
  </testcase> <!-- @AfterMethod logout -->
  <testcase classname="Setups.ePACSlogin" name="@AfterClass closeBrowser" time="-1.729774856798E9">
    <skipped/>
  </testcase> <!-- @AfterClass closeBrowser -->
  <testcase classname="Setups.ePACSlogin" name="performLoginTest" time="0.005"/>
</testsuite> <!-- Test -->
