<?xml version="1.0" encoding="UTF-8"?>
<testng-results ignored="0" total="1" passed="1" failed="0" skipped="0">
  <reporter-output>
  </reporter-output>
  <suite started-at="2024-10-24T18:29:03 IST" name="Suite" finished-at="2024-10-24T18:30:56 IST" duration-ms="112988">
    <groups>
    </groups>
    <test started-at="2024-10-24T18:29:03 IST" name="Test" finished-at="2024-10-24T18:30:56 IST" duration-ms="112988">
      <class name="Setups.ePACSlogin">
        <test-method is-config="true" signature="launchBrowser()[pri:0, instance:Setups.ePACSlogin@537f60bf]" started-at="2024-10-24T18:29:03 IST" name="launchBrowser" finished-at="2024-10-24T18:29:05 IST" duration-ms="1986" status="PASS">
          <reporter-output>
          </reporter-output>
        </test-method> <!-- launchBrowser -->
        <test-method is-config="true" signature="login()[pri:0, instance:Setups.ePACSlogin@537f60bf]" started-at="2024-10-24T18:29:05 IST" name="login" finished-at="2024-10-24T18:30:26 IST" duration-ms="80792" status="PASS">
          <reporter-output>
          </reporter-output>
        </test-method> <!-- login -->
        <test-method signature="performLoginTest()[pri:0, instance:Setups.ePACSlogin@537f60bf]" started-at="2024-10-24T18:30:26 IST" name="performLoginTest" finished-at="2024-10-24T18:30:26 IST" duration-ms="5" status="PASS">
          <reporter-output>
          </reporter-output>
        </test-method> <!-- performLoginTest -->
        <test-method is-config="true" signature="logout()[pri:0, instance:Setups.ePACSlogin@537f60bf]" started-at="2024-10-24T18:30:26 IST" name="logout" finished-at="2024-10-24T18:30:56 IST" duration-ms="30177" status="FAIL">
          <exception class="java.lang.RuntimeException">
            <message>
              <![CDATA[can not find the singOutButton]]>
            </message>
            <full-stacktrace>
              <![CDATA[java.lang.RuntimeException: can not find the singOutButton
at Setups.ePACSlogin.logout(ePACSlogin.java:119)
at java.base/jdk.internal.reflect.DirectMethodHandleAccessor.invoke(DirectMethodHandleAccessor.java:103)
at java.base/java.lang.reflect.Method.invoke(Method.java:580)
at org.testng.internal.MethodInvocationHelper.invokeMethod(MethodInvocationHelper.java:133)
at org.testng.internal.MethodInvocationHelper.invokeMethodConsideringTimeout(MethodInvocationHelper.java:62)
at org.testng.internal.ConfigInvoker.invokeConfigurationMethod(ConfigInvoker.java:385)
at org.testng.internal.ConfigInvoker.invokeConfigurations(ConfigInvoker.java:321)
at org.testng.internal.TestInvoker.runConfigMethods(TestInvoker.java:700)
at org.testng.internal.TestInvoker.runAfterGroupsConfigurations(TestInvoker.java:676)
at org.testng.internal.TestInvoker.invokeMethod(TestInvoker.java:660)
at org.testng.internal.TestInvoker.invokeTestMethod(TestInvoker.java:173)
at org.testng.internal.MethodRunner.runInSequence(MethodRunner.java:46)
at org.testng.internal.TestInvoker$MethodInvocationAgent.invoke(TestInvoker.java:824)
at org.testng.internal.TestInvoker.invokeTestMethods(TestInvoker.java:146)
at org.testng.internal.TestMethodWorker.invokeTestMethods(TestMethodWorker.java:146)
at org.testng.internal.TestMethodWorker.run(TestMethodWorker.java:128)
at java.base/java.util.ArrayList.forEach(ArrayList.java:1596)
at org.testng.TestRunner.privateRun(TestRunner.java:794)
at org.testng.TestRunner.run(TestRunner.java:596)
at org.testng.SuiteRunner.runTest(SuiteRunner.java:377)
at org.testng.SuiteRunner.runSequentially(SuiteRunner.java:371)
at org.testng.SuiteRunner.privateRun(SuiteRunner.java:332)
at org.testng.SuiteRunner.run(SuiteRunner.java:276)
at org.testng.SuiteRunnerWorker.runSuite(SuiteRunnerWorker.java:53)
at org.testng.SuiteRunnerWorker.run(SuiteRunnerWorker.java:96)
at org.testng.TestNG.runSuitesSequentially(TestNG.java:1212)
at org.testng.TestNG.runSuitesLocally(TestNG.java:1134)
at org.testng.TestNG.runSuites(TestNG.java:1063)
at org.testng.TestNG.run(TestNG.java:1031)
at org.testng.remote.AbstractRemoteTestNG.run(AbstractRemoteTestNG.java:115)
at org.testng.remote.RemoteTestNG.initAndRun(RemoteTestNG.java:293)
at org.testng.remote.RemoteTestNG.main(RemoteTestNG.java:91)
]]>
            </full-stacktrace>
          </exception> <!-- java.lang.RuntimeException -->
          <reporter-output>
          </reporter-output>
        </test-method> <!-- logout -->
        <test-method is-config="true" signature="closeBrowser()[pri:0, instance:Setups.ePACSlogin@537f60bf]" started-at="2024-10-24T18:30:56 IST" name="closeBrowser" finished-at="1970-01-01T05:30:00 IST" duration-ms="-1729774856798" status="SKIP">
          <reporter-output>
          </reporter-output>
        </test-method> <!-- closeBrowser -->
      </class> <!-- Setups.ePACSlogin -->
    </test> <!-- Test -->
  </suite> <!-- Suite -->
</testng-results>
